\BOOKMARK [0][]{chapter.1}{\376\377\0001\000\040\000I\000n\000t\000r\000o\000d\000u\000c\000t\000i\000o\000n}{}% 1
\BOOKMARK [1][]{section.1.1}{\376\377\0001\000.\0001\000\040\000A\000b\000o\000u\000t\000\040\000t\000h\000i\000s\000\040\000G\000u\000i\000d\000e\000\040\000-\000\040\000a\000p\000p\000r\000o\000a\000c\000h\000\040\000a\000n\000d\000\040\000s\000t\000r\000u\000c\000t\000u\000r\000e}{chapter.1}% 2
\BOOKMARK [1][]{section.1.2}{\376\377\0001\000.\0002\000\040\000W\000h\000a\000t\000\040\000a\000r\000e\000\040\000t\000h\000e\000\040\000a\000d\000v\000a\000n\000c\000e\000d\000\040\000t\000o\000p\000i\000c\000s\000?}{chapter.1}% 3
\BOOKMARK [1][]{section.1.3}{\376\377\0001\000.\0003\000\040\000A\000d\000d\000i\000t\000i\000o\000n\000a\000l\000\040\000s\000o\000u\000r\000c\000e\000s\000\040\000o\000f\000\040\000h\000e\000l\000p}{chapter.1}% 4
\BOOKMARK [1][]{section.1.4}{\376\377\0001\000.\0004\000\040\000N\000o\000m\000e\000n\000c\000l\000a\000t\000u\000r\000e}{chapter.1}% 5
\BOOKMARK [1][]{section.1.5}{\376\377\0001\000.\0005\000\040\000v\0004\000.\0005\000,\000\040\000w\000h\000a\000t\000'\000s\000\040\000n\000e\000w\000\040\000a\000n\000d\000\040\000b\000a\000c\000k\000w\000a\000r\000d\000\040\000c\000o\000m\000p\000a\000t\000i\000b\000i\000l\000i\000t\000y}{chapter.1}% 6
\BOOKMARK [0][]{chapter.2}{\376\377\0002\000\040\000I\000n\000s\000t\000a\000l\000l\000i\000n\000g\000\040\000D\000y\000n\000a\000r\000e}{}% 7
\BOOKMARK [1][]{section.2.1}{\376\377\0002\000.\0001\000\040\000D\000y\000n\000a\000r\000e\000\040\000v\000e\000r\000s\000i\000o\000n\000s}{chapter.2}% 8
\BOOKMARK [1][]{section.2.2}{\376\377\0002\000.\0002\000\040\000S\000y\000s\000t\000e\000m\000\040\000r\000e\000q\000u\000i\000r\000e\000m\000e\000n\000t\000s}{chapter.2}% 9
\BOOKMARK [1][]{section.2.3}{\376\377\0002\000.\0003\000\040\000I\000n\000s\000t\000a\000l\000l\000i\000n\000g\000\040\000D\000y\000n\000a\000r\000e}{chapter.2}% 10
\BOOKMARK [1][]{section.2.4}{\376\377\0002\000.\0004\000\040\000M\000A\000T\000L\000A\000B\000\040\000p\000a\000r\000t\000i\000c\000u\000l\000a\000r\000i\000t\000i\000e\000s}{chapter.2}% 11
\BOOKMARK [0][]{chapter.3}{\376\377\0003\000\040\000S\000o\000l\000v\000i\000n\000g\000\040\000S\000t\000e\000a\000d\000y\000\040\000S\000t\000a\000t\000e\000\040\000-\000\040\000b\000a\000s\000i\000c\000s}{}% 12
\BOOKMARK [1][]{section.3.1}{\376\377\0003\000.\0001\000\040\000A\000n\000a\000l\000y\000t\000i\000c\000a\000l\000\040\000S\000o\000l\000u\000t\000i\000o\000n\000s}{chapter.3}% 13
\BOOKMARK [1][]{section.3.2}{\376\377\0003\000.\0002\000\040\000A\000d\000d\000i\000n\000g\000\040\000n\000e\000w\000\040\000v\000a\000r\000i\000a\000b\000l\000e\000\040\000o\000n\000e\000\040\000b\000y\000\040\000o\000n\000e}{chapter.3}% 14
\BOOKMARK [1][]{section.3.3}{\376\377\0003\000.\0003\000\040\000C\000a\000l\000i\000b\000r\000a\000t\000i\000n\000g\000\040\000S\000t\000e\000a\000d\000y\000\040\000S\000t\000a\000t\000e}{chapter.3}% 15
\BOOKMARK [1][]{section.3.4}{\376\377\0003\000.\0004\000\040\000T\000h\000e\000\040\000E\000x\000t\000e\000r\000n\000a\000l\000\040\000F\000i\000l\000e\000s\000\040\000o\000f\000\040\000S\000o\000l\000v\000i\000n\000g\000\040\000S\000t\000e\000a\000d\000y\000\040\000S\000t\000a\000t\000e}{chapter.3}% 16
\BOOKMARK [0][]{chapter.4}{\376\377\0004\000\040\000O\000c\000c\000a\000s\000i\000o\000n\000a\000l\000l\000y\000\040\000B\000i\000n\000d\000i\000n\000g\000\040\000C\000o\000n\000s\000t\000r\000a\000i\000n\000t\000s}{}% 17
\BOOKMARK [1][]{section.4.1}{\376\377\0004\000.\0001\000\040\000O\000B\000C\000s\000\040\000i\000n\000\040\000M\000a\000c\000r\000o\000e\000c\000o\000n\000o\000m\000i\000c\000s}{chapter.4}% 18
\BOOKMARK [2][]{subsection.4.1.1}{\376\377\0004\000.\0001\000.\0001\000\040\000B\000o\000r\000r\000o\000w\000\040\000C\000o\000n\000s\000t\000r\000a\000i\000n\000t\000s}{section.4.1}% 19
\BOOKMARK [2][]{subsection.4.1.2}{\376\377\0004\000.\0001\000.\0002\000\040\000I\000r\000r\000e\000v\000e\000r\000s\000i\000b\000l\000e\000\040\000I\000n\000v\000e\000s\000t\000m\000e\000n\000t}{section.4.1}% 20
\BOOKMARK [2][]{subsection.4.1.3}{\376\377\0004\000.\0001\000.\0003\000\040\000Z\000L\000B}{section.4.1}% 21
\BOOKMARK [2][]{subsection.4.1.4}{\376\377\0004\000.\0001\000.\0004\000\040\000F\000i\000n\000a\000n\000c\000i\000a\000l\000\040\000C\000o\000n\000s\000t\000r\000a\000i\000n\000t\000s}{section.4.1}% 22
\BOOKMARK [1][]{section.4.2}{\376\377\0004\000.\0002\000\040\000N\000u\000m\000e\000r\000i\000c\000a\000l\000\040\000S\000o\000l\000u\000t\000i\000o\000n\000s}{chapter.4}% 23
\BOOKMARK [2][]{subsection.4.2.1}{\376\377\0004\000.\0002\000.\0001\000\040\000C\000o\000m\000p\000u\000t\000a\000t\000i\000o\000n\000a\000l\000\040\000C\000h\000a\000l\000l\000e\000n\000g\000e\000s}{section.4.2}% 24
\BOOKMARK [2][]{subsection.4.2.2}{\376\377\0004\000.\0002\000.\0002\000\040\000P\000e\000n\000a\000l\000t\000y\000\040\000F\000u\000n\000c\000t\000i\000o\000n}{section.4.2}% 25
\BOOKMARK [2][]{subsection.4.2.3}{\376\377\0004\000.\0002\000.\0003\000\040\000O\000c\000c\000B\000i\000n\000\040\000i\000n\000\040\000D\000y\000n\000a\000r\000e}{section.4.2}% 26
\BOOKMARK [2][]{subsection.4.2.4}{\376\377\0004\000.\0002\000.\0004\000\040\000E\000x\000t\000e\000n\000d\000e\000d\000\137\000P\000a\000t\000h\000\040\000A\000p\000p\000r\000o\000a\000c\000h}{section.4.2}% 27
\BOOKMARK [2][]{subsection.4.2.5}{\376\377\0004\000.\0002\000.\0005\000\040\000N\000e\000w\000s\000\040\000S\000h\000o\000c\000k\000s\000\040\000A\000p\000p\000r\000o\000a\000c\000h}{section.4.2}% 28
\BOOKMARK [3][]{subsubsection.4.2.5.1}{\376\377\0004\000.\0002\000.\0005\000.\0001\000\040\000t\000h\000e\000\040\000b\000a\000s\000i\000c\000s\000\040\000o\000f\000\040\000d\000y\000n\000a\000r\000e\000O\000B\000C\000\040\000u\000s\000a\000g\000e}{subsection.4.2.5}% 29
\BOOKMARK [3][]{subsubsection.4.2.5.2}{\376\377\0004\000.\0002\000.\0005\000.\0002\000\040\000E\000s\000t\000i\000m\000a\000t\000i\000o\000n\000\040\000o\000f\000\040\000M\000o\000d\000e\000l\000s\000\040\000w\000i\000t\000h\000\040\000O\000B\000C\000s}{subsection.4.2.5}% 30
\BOOKMARK [2][]{subsection.4.2.6}{\376\377\0004\000.\0002\000.\0006\000\040\000M\000a\000r\000k\000o\000v\000-\000S\000w\000i\000t\000c\000h\000i\000n\000g\000\040\000A\000p\000p\000r\000o\000a\000c\000h}{section.4.2}% 31
\BOOKMARK [0][]{chapter.5}{\376\377\0005\000\040\000S\000o\000l\000v\000i\000n\000g\000\040\000a\000n\000d\000\040\000E\000s\000t\000i\000m\000a\000t\000i\000n\000g\000\040\000H\000e\000t\000e\000r\000o\000g\000e\000n\000o\000u\000s\000\040\000A\000g\000e\000n\000t\000\040\000M\000o\000d\000e\000l}{}% 32
\BOOKMARK [1][]{section.5.1}{\376\377\0005\000.\0001\000\040\000I\000n\000t\000r\000o\000d\000u\000c\000t\000i\000o\000n}{chapter.5}% 33
\BOOKMARK [2][]{subsection.5.1.1}{\376\377\0005\000.\0001\000.\0001\000\040\000H\000e\000t\000e\000r\000o\000g\000e\000n\000e\000o\000u\000s\000\040\000a\000g\000e\000n\000t\000\040\000m\000o\000d\000e\000l\000s\000:\000\040\000t\000h\000e\000\040\000M\000i\000n\000n\000e\000s\000o\000t\000a\000\040\000g\000e\000n\000e\000a\000l\000o\000g\000y}{section.5.1}% 34
\BOOKMARK [1][]{section.5.2}{\376\377\0005\000.\0002\000\040\000G\000a\000l\000i\000\050\0002\0000\0001\0008\000\051\000'\000s\000\040\000T\000A\000N\000K}{chapter.5}% 35
\BOOKMARK [1][]{section.5.3}{\376\377\0005\000.\0003\000\040\000d\000e\000n\000\040\000H\000a\000a\000n\000\040\000a\000n\000d\000\040\000O\000c\000a\000k\000t\000a\000n\000\050\0002\0000\0001\0001\000\051\000\040\000A\000p\000p\000r\000o\000a\000c\000h}{chapter.5}% 36
\BOOKMARK [2][]{subsection.5.3.1}{\376\377\0005\000.\0003\000.\0001\000\040\000T\000h\000e\000\040\000M\000o\000d\000e\000l}{section.5.3}% 37
\BOOKMARK [2][]{subsection.5.3.2}{\376\377\0005\000.\0003\000.\0002\000\040\000I\000m\000p\000l\000e\000m\000e\000n\000t\000i\000n\000g\000\040\000X\000P\000A\000\040\000w\000i\000t\000h\000\040\000D\000y\000n\000a\000r\000e}{section.5.3}% 38
\BOOKMARK [1][]{section.5.4}{\376\377\0005\000.\0004\000\040\000T\000h\000e\000\040\000L\000R\000\050\0002\0000\0001\0007\000\051\000\040\000A\000p\000p\000r\000o\000a\000c\000h}{chapter.5}% 39
\BOOKMARK [1][]{section.5.5}{\376\377\0005\000.\0005\000\040\000T\000h\000e\000\040\000W\000i\000n\000b\000e\000r\000r\000y\000\040\000A\000p\000p\000r\000o\000a\000c\000h}{chapter.5}% 40
\BOOKMARK [0][]{chapter.6}{\376\377\0006\000\040\000O\000p\000t\000i\000m\000a\000l\000\040\000P\000o\000l\000i\000c\000y\000\040\000a\000n\000d\000\040\000W\000e\000l\000f\000a\000r\000e\000\040\000A\000n\000a\000l\000y\000s\000i\000s}{}% 41
\BOOKMARK [1][]{section.6.1}{\376\377\0006\000.\0001\000\040\000I\000n\000t\000r\000o\000d\000u\000c\000t\000i\000o\000n}{chapter.6}% 42
\BOOKMARK [1][]{section.6.2}{\376\377\0006\000.\0002\000\040\000T\000h\000e\000\040\000M\000o\000d\000e\000l}{chapter.6}% 43
\BOOKMARK [2][]{subsection.6.2.1}{\376\377\0006\000.\0002\000.\0001\000\040\000H\000o\000u\000s\000e\000h\000o\000l\000d\000s}{section.6.2}% 44
\BOOKMARK [2][]{subsection.6.2.2}{\376\377\0006\000.\0002\000.\0002\000\040\000F\000i\000r\000m\000s}{section.6.2}% 45
\BOOKMARK [3][]{subsubsection.6.2.2.1}{\376\377\0006\000.\0002\000.\0002\000.\0001\000\040\000F\000i\000n\000a\000l\000\040\000G\000o\000o\000d\000\040\000F\000i\000r\000m}{subsection.6.2.2}% 46
\BOOKMARK [3][]{subsubsection.6.2.2.2}{\376\377\0006\000.\0002\000.\0002\000.\0002\000\040\000I\000n\000t\000e\000r\000m\000e\000d\000i\000a\000t\000e\000\040\000G\000o\000o\000d\000s\000\040\000F\000i\000r\000m\000s}{subsection.6.2.2}% 47
\BOOKMARK [2][]{subsection.6.2.3}{\376\377\0006\000.\0002\000.\0003\000\040\000A\000g\000g\000r\000e\000g\000a\000t\000i\000o\000n}{section.6.2}% 48
\BOOKMARK [2][]{subsection.6.2.4}{\376\377\0006\000.\0002\000.\0004\000\040\000E\000q\000u\000i\000l\000i\000b\000r\000i\000u\000m}{section.6.2}% 49
\BOOKMARK [1][]{section.6.3}{\376\377\0006\000.\0003\000\040\000W\000h\000a\000t\000\040\000i\000s\000\040\000t\000h\000e\000\040\000q\000u\000a\000d\000r\000a\000t\000i\000c\000\040\000f\000o\000r\000m\000\040\000f\000o\000r\000\040\000t\000h\000e\000\040\000o\000b\000j\000e\000c\000t\000i\000v\000e\000\040\000f\000u\000n\000c\000t\000i\000o\000n\000?}{chapter.6}% 50
\BOOKMARK [2][]{subsection.6.3.1}{\376\377\0006\000.\0003\000.\0001\000\040\000A\000\040\000s\000e\000c\000o\000n\000d\000\040\000o\000r\000d\000e\000r\000\040\000a\000p\000p\000r\000o\000x\000i\000m\000a\000t\000i\000o\000n}{section.6.3}% 51
\BOOKMARK [2][]{subsection.6.3.2}{\376\377\0006\000.\0003\000.\0002\000\040\000A\000\040\000d\000e\000r\000i\000v\000a\000t\000i\000o\000n\000\040\000o\000f\000\040\000q\000u\000a\000d\000r\000a\000t\000i\000c\000\040\000w\000e\000l\000f\000a\000r\000e\000\040\000f\000u\000n\000c\000t\000i\000o\000n}{section.6.3}% 52
\BOOKMARK [1][]{section.6.4}{\376\377\0006\000.\0004\000\040\000O\000p\000t\000i\000m\000a\000l\000\040\000P\000o\000l\000i\000c\000y}{chapter.6}% 53
\BOOKMARK [2][]{subsection.6.4.1}{\376\377\0006\000.\0004\000.\0001\000\040\000O\000p\000t\000i\000m\000a\000l\000\040\000S\000i\000m\000p\000l\000e\000\040\000R\000u\000l\000e}{section.6.4}% 54
\BOOKMARK [3][]{subsubsection.6.4.1.1}{\376\377\0006\000.\0004\000.\0001\000.\0001\000\040\000F\000i\000r\000s\000t\000\040\000h\000a\000l\000f\000\040\000o\000f\000\040\000t\000h\000e\000\040\000.\000m\000o\000d\000\040\000f\000i\000l\000e}{subsection.6.4.1}% 55
\BOOKMARK [3][]{subsubsection.6.4.1.2}{\376\377\0006\000.\0004\000.\0001\000.\0002\000\040\000C\000o\000m\000p\000u\000t\000a\000t\000i\000o\000n\000\040\000o\000f\000\040\000O\000p\000t\000i\000m\000a\000l\000\040\000S\000i\000m\000p\000l\000e\000\040\000R\000u\000l\000e}{subsection.6.4.1}% 56
\BOOKMARK [3][]{subsubsection.6.4.1.3}{\376\377\0006\000.\0004\000.\0001\000.\0003\000\040\000O\000u\000t\000p\000u\000t}{subsection.6.4.1}% 57
\BOOKMARK [2][]{subsection.6.4.2}{\376\377\0006\000.\0004\000.\0002\000\040\000R\000a\000m\000s\000e\000y\000\040\000P\000o\000l\000i\000c\000y\000\040\000u\000n\000d\000e\000r\000\040\000C\000o\000m\000m\000i\000t\000m\000e\000n\000t}{section.6.4}% 58
\BOOKMARK [2][]{subsection.6.4.3}{\376\377\0006\000.\0004\000.\0003\000\040\000R\000a\000m\000s\000e\000y\000\040\000P\000o\000l\000i\000c\000y\000\040\000u\000n\000d\000e\000r\000\040\000d\000i\000s\000c\000r\000e\000t\000i\000o\000n}{section.6.4}% 59
\BOOKMARK [1][]{section.6.5}{\376\377\0006\000.\0005\000\040\000W\000e\000l\000f\000a\000r\000e\000\040\000A\000n\000a\000l\000y\000s\000i\000s}{chapter.6}% 60
\BOOKMARK [2][]{subsection.6.5.1}{\376\377\0006\000.\0005\000.\0001\000\040\000P\000o\000l\000i\000c\000y\000\040\000R\000e\000g\000i\000m\000e\000\040\000C\000o\000m\000p\000a\000r\000i\000s\000o\000n}{section.6.5}% 61
\BOOKMARK [2][]{subsection.6.5.2}{\376\377\0006\000.\0005\000.\0002\000\040\000C\000o\000n\000s\000u\000m\000p\000t\000i\000o\000n\000\040\000E\000q\000u\000i\000v\000a\000l\000e\000n\000t}{section.6.5}% 62
\BOOKMARK [0][]{chapter.7}{\376\377\0007\000\040\000N\000o\000t\000e\000s\000\040\000o\000n\000\040\000D\000S\000G\000E\000\040\000w\000i\000t\000h\000\040\000L\000e\000a\000r\000n\000i\000n\000g}{}% 63
\BOOKMARK [1][]{section.7.1}{\376\377\0007\000.\0001\000\040\000I\000n\000t\000r\000o\000d\000u\000c\000t\000i\000o\000n}{chapter.7}% 64
\BOOKMARK [1][]{section.7.2}{\376\377\0007\000.\0002\000\040\000T\000h\000e\000\040\000M\000o\000d\000e\000l}{chapter.7}% 65
\BOOKMARK [2][]{subsection.7.2.1}{\376\377\0007\000.\0002\000.\0001\000\040\000H\000o\000u\000s\000e\000h\000o\000l\000d\000s}{section.7.2}% 66
\BOOKMARK [3][]{subsubsection.7.2.1.1}{\376\377\0007\000.\0002\000.\0001\000.\0001\000\040\000L\000e\000n\000d\000e\000r\000s}{subsection.7.2.1}% 67
\BOOKMARK [3][]{subsubsection.7.2.1.2}{\376\377\0007\000.\0002\000.\0001\000.\0002\000\040\000I\000n\000v\000e\000s\000t\000o\000r\000s}{subsection.7.2.1}% 68
\BOOKMARK [2][]{subsection.7.2.2}{\376\377\0007\000.\0002\000.\0002\000\040\000F\000i\000r\000m\000s}{section.7.2}% 69
\BOOKMARK [3][]{subsubsection.7.2.2.1}{\376\377\0007\000.\0002\000.\0002\000.\0001\000\040\000R\000e\000t\000a\000i\000l\000\040\000F\000i\000r\000m}{subsection.7.2.2}% 70
\BOOKMARK [3][]{subsubsection.7.2.2.2}{\376\377\0007\000.\0002\000.\0002\000.\0002\000\040\000w\000h\000o\000l\000e\000s\000a\000l\000e\000\040\000F\000i\000r\000m\000s}{subsection.7.2.2}% 71
\BOOKMARK [3][]{subsubsection.7.2.2.3}{\376\377\0007\000.\0002\000.\0002\000.\0003\000\040\000I\000n\000t\000e\000r\000m\000e\000d\000i\000a\000t\000e\000\040\000G\000o\000o\000d\000s\000\040\000F\000i\000r\000m\000s}{subsection.7.2.2}% 72
\BOOKMARK [3][]{subsubsection.7.2.2.4}{\376\377\0007\000.\0002\000.\0002\000.\0004\000\040\000T\000h\000e\000\040\000C\000a\000p\000i\000t\000a\000l\000\040\000P\000r\000o\000d\000u\000c\000e\000r}{subsection.7.2.2}% 73
\BOOKMARK [2][]{subsection.7.2.3}{\376\377\0007\000.\0002\000.\0003\000\040\000A\000g\000g\000r\000e\000g\000a\000t\000i\000o\000n\000\040\000a\000n\000d\000\040\000M\000a\000r\000k\000e\000t\000\040\000C\000l\000e\000a\000r\000i\000n\000g\000\040\000C\000o\000n\000d\000i\000t\000i\000o\000n\000s}{section.7.2}% 74
\BOOKMARK [0][]{chapter.8}{\376\377\0008\000\040\000K\000e\000y\000n\000e\000s\000i\000a\000n\000\040\000G\000r\000o\000w\000t\000h\000\040\000S\000y\000n\000t\000h\000e\000s\000i\000s\000:\000\040\000f\000l\000u\000c\000t\000u\000a\000t\000i\000o\000n\000\040\000a\000n\000d\000\040\000G\000r\000o\000w\000t\000h}{}% 75
\BOOKMARK [1][]{section.8.1}{\376\377\0008\000.\0001\000\040\000I\000n\000t\000r\000o\000d\000u\000c\000t\000i\000o\000n}{chapter.8}% 76
\BOOKMARK [1][]{section.8.2}{\376\377\0008\000.\0002\000\040\000T\000h\000e\000\040\000B\000a\000s\000e\000l\000i\000n\000e\000\040\000M\000o\000d\000e\000l}{chapter.8}% 77
\BOOKMARK [2][]{subsection.8.2.1}{\376\377\0008\000.\0002\000.\0001\000\040\000H\000o\000u\000s\000e\000h\000o\000l\000d}{section.8.2}% 78
\BOOKMARK [2][]{subsection.8.2.2}{\376\377\0008\000.\0002\000.\0002\000\040\000F\000i\000r\000m\000s}{section.8.2}% 79
\BOOKMARK [3][]{subsubsection.8.2.2.1}{\376\377\0008\000.\0002\000.\0002\000.\0001\000\040\000F\000i\000n\000a\000l\000\040\000g\000o\000o\000d\000s\000\040\000f\000i\000r\000m\000s}{subsection.8.2.2}% 80
\BOOKMARK [3][]{subsubsection.8.2.2.2}{\376\377\0008\000.\0002\000.\0002\000.\0002\000\040\000I\000n\000t\000e\000r\000m\000e\000d\000i\000a\000t\000e\000\040\000G\000o\000o\000d\000s\000\040\000F\000i\000r\000m\000s}{subsection.8.2.2}% 81
\BOOKMARK [2][]{subsection.8.2.3}{\376\377\0008\000.\0002\000.\0003\000\040\000R\000e\000s\000e\000a\000r\000c\000h\000\040\000a\000n\000d\000\040\000i\000n\000n\000o\000v\000a\000t\000i\000o\000n}{section.8.2}% 82
\BOOKMARK [2][]{subsection.8.2.4}{\376\377\0008\000.\0002\000.\0004\000\040\000A\000g\000g\000r\000e\000g\000a\000t\000i\000o\000n\000\040\000a\000n\000d\000\040\000m\000a\000r\000k\000e\000t\000\040\000c\000l\000e\000a\000r\000i\000n\000g}{section.8.2}% 83
\BOOKMARK [2][]{subsection.8.2.5}{\376\377\0008\000.\0002\000.\0005\000\040\000W\000a\000g\000e\000\040\000r\000i\000g\000i\000d\000i\000t\000i\000e\000s}{section.8.2}% 84
\BOOKMARK [2][]{subsection.8.2.6}{\376\377\0008\000.\0002\000.\0006\000\040\000G\000o\000v\000e\000r\000n\000m\000e\000n\000t}{section.8.2}% 85
\BOOKMARK [2][]{subsection.8.2.7}{\376\377\0008\000.\0002\000.\0007\000\040\000T\000h\000e\000\040\000F\000u\000l\000l\000\040\000E\000q\000u\000i\000l\000i\000b\000r\000i\000u\000m\000\040\000C\000o\000n\000d\000i\000t\000i\000o\000n\000s}{section.8.2}% 86
\BOOKMARK [2][]{subsection.8.2.8}{\376\377\0008\000.\0002\000.\0008\000\040\000S\000t\000e\000a\000d\000y\000\040\000s\000t\000a\000t\000e}{section.8.2}% 87
\BOOKMARK [1][]{section.8.3}{\376\377\0008\000.\0003\000\040\000M\000a\000c\000r\000o\000e\000c\000o\000n\000o\000m\000i\000c\000\040\000I\000m\000p\000l\000i\000c\000a\000t\000i\000o\000n\000s}{chapter.8}% 88
\BOOKMARK [2][]{subsection.8.3.1}{\376\377\0008\000.\0003\000.\0001\000\040\000P\000a\000r\000a\000m\000e\000t\000e\000r\000i\000z\000a\000t\000i\000o\000n}{section.8.3}% 89
\BOOKMARK [2][]{subsection.8.3.2}{\376\377\0008\000.\0003\000.\0002\000\040\000D\000y\000n\000a\000r\000e\000\040\000c\000o\000d\000e\000s}{section.8.3}% 90
\BOOKMARK [1][]{section.8.4}{\376\377\0008\000.\0004\000\040\000T\000h\000e\000\040\000E\000x\000t\000e\000n\000d\000e\000d\000\040\000M\000o\000d\000e\000l}{chapter.8}% 91
\BOOKMARK [1][]{section.8.5}{\376\377\0008\000.\0005\000\040\000F\000u\000r\000t\000h\000e\000r\000\040\000R\000e\000a\000d\000i\000n\000g\000s}{chapter.8}% 92
\BOOKMARK [0][]{chapter.9}{\376\377\0009\000\040\000D\000S\000G\000E\000\040\000w\000i\000t\000h\000\040\000C\000h\000a\000o\000s}{}% 93
\BOOKMARK [1][]{section.9.1}{\376\377\0009\000.\0001\000\040\000I\000n\000t\000r\000o\000d\000u\000c\000t\000i\000o\000n}{chapter.9}% 94
\BOOKMARK [1][]{section.9.2}{\376\377\0009\000.\0002\000\040\000T\000h\000e\000\040\000D\000e\000t\000e\000r\000m\000i\000n\000i\000s\000t\000i\000c\000\040\000C\000a\000s\000e}{chapter.9}% 95
\BOOKMARK [1][]{section.9.3}{\376\377\0009\000.\0003\000\040\000T\000h\000e\000\040\000S\000o\000l\000u\000t\000i\000o\000n\000\040\000M\000e\000t\000h\000o\000d}{chapter.9}% 96
\BOOKMARK [1][]{section.9.4}{\376\377\0009\000.\0004\000\040\000T\000h\000e\000\040\000S\000t\000o\000c\000h\000a\000s\000t\000i\000c\000\040\000C\000a\000s\000e}{chapter.9}% 97
\BOOKMARK [1][]{section.9.5}{\376\377\0009\000.\0005\000\040\000A\000p\000p\000l\000i\000c\000a\000t\000i\000o\000n}{chapter.9}% 98
\BOOKMARK [0][]{chapter.10}{\376\377\0001\0000\000\040\000E\000s\000t\000i\000m\000a\000t\000i\000o\000n\000\040\000M\000e\000t\000h\000o\000d\000s\000\040\000o\000f\000\040\000M\000o\000m\000e\000n\000t}{}% 99
\BOOKMARK [1][]{section.10.1}{\376\377\0001\0000\000.\0001\000\040\000G\000M\000M}{chapter.10}% 100
\BOOKMARK [2][]{subsection.10.1.1}{\376\377\0001\0000\000.\0001\000.\0001\000\040\000T\000h\000e\000o\000r\000y\000\040\000o\000n\000\040\000G\000M\000M\000\040\000E\000s\000t\000i\000m\000a\000t\000i\000o\000n}{section.10.1}% 101
\BOOKMARK [2][]{subsection.10.1.2}{\376\377\0001\0000\000.\0001\000.\0002\000\040\000I\000m\000p\000l\000e\000m\000e\000n\000t\000i\000n\000g\000\040\000G\000M\000M\000\040\000E\000s\000t\000i\000m\000a\000t\000i\000o\000n\000\040\000i\000n\000\040\000t\000h\000e\000\040\000D\000y\000n\000a\000r\000e}{section.10.1}% 102
\BOOKMARK [1][]{section.10.2}{\376\377\0001\0000\000.\0002\000\040\000S\000M\000M}{chapter.10}% 103
\BOOKMARK [2][]{subsection.10.2.1}{\376\377\0001\0000\000.\0002\000.\0001\000\040\000T\000h\000e\000o\000r\000y\000\040\000o\000n\000\040\000S\000M\000M\000\040\000E\000s\000t\000i\000m\000a\000t\000i\000o\000n}{section.10.2}% 104
\BOOKMARK [2][]{subsection.10.2.2}{\376\377\0001\0000\000.\0002\000.\0002\000\040\000I\000m\000p\000l\000e\000m\000e\000n\000t\000i\000n\000g\000\040\000S\000M\000M\000\040\000E\000s\000t\000i\000m\000a\000t\000i\000o\000n\000\040\000i\000n\000\040\000t\000h\000e\000\040\000D\000y\000n\000a\000r\000e}{section.10.2}% 105
\BOOKMARK [1][]{section.10.3}{\376\377\0001\0000\000.\0003\000\040\000I\000R\000F\000-\000m\000a\000t\000c\000h\000i\000n\000g}{chapter.10}% 106
\BOOKMARK [0][]{appendix.A}{\376\377\000A\000\040\000d\000y\000n\000a\000r\000e\166\204\136\070\211\301\225\356\230\230\116\016\211\343\173\124}{}% 107
\BOOKMARK [1][]{section.A.1}{\376\377\000A\000.\0001\000\040\000M\000o\000d\000e\000l\000\040\000C\000o\000m\000p\000a\000r\000i\000s\000o\000n}{appendix.A}% 108
\BOOKMARK [1][]{section.A.2}{\376\377\000A\000.\0002\000\040\000P\000a\000r\000a\000m\000e\000t\000e\000r\000\040\000E\000s\000t\000i\000m\000a\000t\000i\000o\000n}{appendix.A}% 109
\BOOKMARK [1][]{section.A.3}{\376\377\000A\000.\0003\000\040\000S\000i\000m\000u\000l\000a\000t\000i\000o\000n}{appendix.A}% 110
\BOOKMARK [1][]{section.A.4}{\376\377\000A\000.\0004\000\040\000S\000t\000e\000a\000d\000y\000\040\000S\000t\000a\000t\000e}{appendix.A}% 111
\BOOKMARK [1][]{section.A.5}{\376\377\000A\000.\0005\000\040\000N\000o\000n\000-\000l\000i\000n\000e\000a\000r\000i\000t\000y}{appendix.A}% 112
\BOOKMARK [1][]{section.A.6}{\376\377\000A\000.\0006\000\040\000G\000e\000n\000e\000r\000a\000l\000\040\000I\000s\000s\000u\000e\000s}{appendix.A}% 113
\BOOKMARK [0][]{appendix.B}{\376\377\000B\000\040\000A\000\040\000M\000a\000t\000l\000a\000b\000\040\000P\000r\000i\000m\000e\000r}{}% 114
\BOOKMARK [1][]{section.B.1}{\376\377\000B\000.\0001\000\040\127\372\147\054\217\320\173\227}{appendix.B}% 115
\BOOKMARK [1][]{section.B.2}{\376\377\000B\000.\0002\000\040\167\351\226\065\217\320\173\227}{appendix.B}% 116
\BOOKMARK [1][]{section.B.3}{\376\377\000B\000.\0003\000\040\121\222\123\367\166\204\165\050\154\325}{appendix.B}% 117
\BOOKMARK [1][]{section.B.4}{\376\377\000B\000.\0004\000\040\117\134\126\376}{appendix.B}% 118
\BOOKMARK [1][]{section.B.5}{\376\377\000B\000.\0005\000\040\000B\000o\000o\000l\000e\000a\000n\210\150\217\276\137\017\124\214\137\252\163\257}{appendix.B}% 119
\BOOKMARK [2][]{subsection.B.5.1}{\376\377\000B\000.\0005\000.\0001\000\040\000B\000o\000o\000l\000e\000a\000n\210\150\217\276\137\017}{section.B.5}% 120
\BOOKMARK [2][]{subsection.B.5.2}{\376\377\000B\000.\0005\000.\0002\000\040\137\252\163\257}{section.B.5}% 121
\BOOKMARK [1][]{section.B.6}{\376\377\000B\000.\0006\000\040\116\000\116\233\147\011\165\050\166\204\121\205\177\156\121\375\145\160}{appendix.B}% 122
\BOOKMARK [2][]{subsection.B.6.1}{\376\377\000B\000.\0006\000.\0001\000\040\000f\000z\000e\000r\000o}{section.B.6}% 123
\BOOKMARK [2][]{subsection.B.6.2}{\376\377\000B\000.\0006\000.\0002\000\040\000f\000s\000o\000l\000v\000e}{section.B.6}% 124
\BOOKMARK [2][]{subsection.B.6.3}{\376\377\000B\000.\0006\000.\0003\000\040\123\302\145\160\117\040\220\022}{section.B.6}% 125
\BOOKMARK [2][]{subsection.B.6.4}{\376\377\000B\000.\0006\000.\0004\000\040\000c\000s\000o\000l\000v\000e}{section.B.6}% 126
\BOOKMARK [2][]{subsection.B.6.5}{\376\377\000B\000.\0006\000.\0005\000\040\000b\000r\000o\000y\000d\000e\000n}{section.B.6}% 127
\BOOKMARK [1][]{section.B.7}{\376\377\000B\000.\0007\000\040\201\352\133\232\116\111\121\375\145\160}{appendix.B}% 128
\BOOKMARK [1][]{section.B.8}{\376\377\000B\000.\0008\000\040\213\373\123\326\145\160\143\156}{appendix.B}% 129
